[    0.000000] Initializing cgroup subsys cpuet
[    0.000000] Initializing cgroup subsys cu
[   .000000] Initializing cgroup subsys cpuacct
[    0.000000] Linux version 4.4.0-83-generic (buildd@lgw01-29) (gcc version 5.4.0 20160609 (Ubuntu 5.4.0-6ubuntu1~16.04.4) ) #106-Ubuntu SMP Mon Jun 26 17:54:43 UTC 2017 (Ubuntu 4.4.0-83.106-generic 4.4.70)
[    000000] Command line: BOOT_IMAGE=/boot/vmlinuz-4.4.0-83-generic root=LABEL=cloudimg-rootfs ro console=ty1 console=ttyS0
[    0.000000] KERNEL supported cpus:
[    0.000000]   Intel GenuineIntel
[    0.000000]   AMD AuthencAMD
[    0.000000]   Centaur CentaurHauls
[[    0.000000] x86/u: xstate_ofse[2]  76,xsate_sizes[2: 256
[   0.0000] x86fpu: Supporting XSAVE feature 0x01: 'x87 floating point registers'
[    0.000000] x86/fpu: Supportng XAVE feaure 0x2: 'SSE registers'
[    0.000000] x86/fpu: Supporting XSAVE feature 0x04: 'AVX registers'
[    0.000000] x86fp: Enabled xstate fatures0x, cotet size is 32byes, usng'standard' format.
[    0.000000] x86/fpu: ing 'zy' FP context switches.
[    0.000000] e820: BIOS-provided physical RAM map:
[    0.000000] BIOS-e820: [mem 0x0000000000000000-0x000000000009fbff] usable
[    0.000000] BIOS-e820: [me0x000000000009fc00x000000000009fff reserved
[    0.000000] BIOS-e820: [mem 0x00000000000f0000-0x00000000000fffff] reserved
[    0.000000] BIOS-e820: [mem 0x0000000000100000-0x000000001ffeffff] usable
[    0.000000] BIOS-e820: [mem 0x000000001fff0000-0x000000001fffffff] ACPI data
[    0.000000] BIOS-e820: [mem 0x00000000fffc0000-0x00000000ffffffff] reserved
[    0.000000] NX (Execute Disable) protection: active
[    0.000000] SMBIOS 2.5 present.
[    0.000000] Hypervisor detected: KVM
[    0.000000] e820: last_pfn = 0x1fff0 max_arch_pfn = 0x400000000
[    0.000000] MTRR: Disabled
[    0.000000] x86/PAT: MTRRs disabled, skipping PAT initialization too.
[    0.000000] x86/PAT: Configuration [0-7]: WB  WT  UC- UC  WB  WT  UC- UC  
[    0.000000] CPU MTRRs all blank - virtualized system.
[    0.000000] found SMP MP-table at [mem 0x0009fff0-0x0009ffff] mapped at [ffff88000009fff0]
[    0.000000] Scanning 1 areas for low memory crruptin
[    0.0000] AMIS: mem 0x1c6000-0x1f757fff]
[    0.000000] ACPI: Early table checksum verification disabled
[    0.000000] ACPI: RSDP 0x00000000000E0000 000024 (v02 VBOX  )
[    0.000000] ACPI: XSDT 0x000000001FFF0030 00003C (v01 VBOX   VBOXXSDT 00000001 ASL  00000061)
[    0.000000] ACPI: FACP 0x000000001FFF00F0 0000F4 (v04 VBOX   VBOXFACP 00000001 ASL  00000061)
[    0.000000] ACPI: DSDT 0x000000001FFF0470 001CEB (v01 VBOX   VBOXBIOS 00000002 INTL 20100528)
[    0.000000] ACPI: FACS 0x000000001FFF0200 000040
[    0.000000] ACPI: FACS 0x000000001FFF0200 000040
[    0.000000] ACPI: APIC 0x000000001FFF0240 00005C (v02 VBOX   VBOXAPIC 00000001 ASL  00000061)
[    0.000000] ACPI: SSDT 0x000000001FFF02A0 0001CC (v01 VBOX   VBOXCPUT 00000002 INTL 20100528)
[    0.000000] No NUMA configuration found
[    0.000000] Faking a node at [mem 0x000000000000000-0x000000001ffeffff]
[    0.000000] NODE_DATA(0) allocated [mem 0x1ffeb000-0x1ffeffff]
[    0.000000] kvm-clock: Using msrs 4b564d01 and 4b564d00
[    0.000000] kvmclck: ccpu 0, msr 0:1ffe3001, primary cpu clock
[    0.000000] kvm-clock: using sched offset of 8835713573 cycles
[    0.000000] clocksource: kvm-clock: ask: 0xffffffffffffffff max_cycles: 0x1cd42e4dffb, ax_idle_ns: 881590591483 ns
[    0.000000] Zone ranges:
[    0.000000]   DMA      [mem 0x0000000000001000-0x0000000000ffffff]
[    0.000000]   DMA32    [mem 0x0000000001000000-0x000000001ffeffff]
[    0.00000]   Normal   empty
[    0.000000]   Device  mpy
[  0.000000] Movable zone start for each node
[    0.000000] Early memory node ranges
[    0.000000]   node   0: [mem 0x0000000000001000-0x000000000009efff]
[    0.000000]   node   0: [mem 0x0000000000100000-0x000000001ffeffff]
[    0.000000 Iitmem setup node 0 [mem 0x00000000000001000-0x000000001ffeffff]
[    0.000000] ACPI: M-imer IO Port: 0x4008[    0.000000] IOAPIC[0]: apic_id 2, version 17, address 0xfec00000, GSI 0-23
[    0.000000] ACPI: INT_SRC_OVR (bus 0 bus_irq 0 global_irq 2 dfl dfl)
[    0.000000] ACPI: INT_SRC_OVR (bus 0 bus_irq 9 global_irq 9 high level)
[    0.000000] Using ACPI (MADT) for SMP configuration information
[    0.000000] smpboot: Allowing 2 CPUs, 0 hotplug CPUs
[    0.000000 PM: Registered nosave memory: [mem 0x00000000-0x00000fff]
[    0.000000] PM: Registered nosave memory: [mem 0x0009f000-0x0009ffff]
[    0.000000] PM: Registered nosave memory: [mem 0x000a0000-0x000effff]
[    0.000000] PM: Registered nosave memory: [mem 0x000f0000-0x000fffff]
[    0.000000] e820: [mem 0x20000000-0xfffbffff] available for PCI devices
[    0.000000] Booting paravirtualized kernel on KVM
[    0.000000] clocksource: refined-jiffies: mask: 0xffffffff max_cycles: 0xffffffff, max_idle_ns: 7645519600211568 ns
[    0.0000] setup_percpu: NR_CPUS:512 nr_cpumaskits:512 nr_cpu_ids:2 nr_noe_ds:1
[    0.000000] PERCPU: Embedded 33 pages/cpu @ffff88001fc00000 s98264 r8192 d28712 u1048576
[    0.000000] PV qspinlock hash table entries: 256 (order: 0, 4096 byes
[   0.000000] Built 1 zonelists in Node order, mobility grouping on.  Total pages: 128889
[    0.000000] Policy zone: DMA32
[    0.000000] Kernel command line: BOOT_IMAGE=/boot/vmlinuz-4.4.0-83-generic root=LABEL=cloudimg-rootfs ro console=tty1 console=ttyS0
[    0.000000] PID hash table entries: 2048 (order: 2, 16384 bytes)
[    0.000000] Memory: 485672K/523832K available (8469K kernel code, 1294K rwdata, 3984K rodata, 148K init 1316 bs, 3160K reserved, 0K cma-resered)
   0.000000] SLUB: HWalign=64, Order=0-3, MinObjects=0, CPUs=2, Nodes=1
[    0.000000] Hierarchical RCU implementation.
[    0.000000] 	Build-time adjustment of leaf fanout to 64.
[    0.000000] 	RCU restricting CPUs from NR_CPUS=512 to nr_cpu_ids=2.
[    0.000000] RCU: Adjusting geometry for rcu_fanout_leaf=64, nr_cpuu_ids=2
[    0.000000] NR_IRQS:3304 r_irqs:440 16
[    0.000000] Console: colour VGA+ 80x25
[    0.000000] console [tty1] enabled
[    0.000000] console [ttyS0] enabled
[    0.000000] tsc: Detected 1844.155 MHz processor
[   3.429230] Calibrating delay loop (skipped) preset value.. 3688.31 BogoMIPS (lpj=7376620)
[    3.491412] pid_max: default: 32768 minimum: 301
[    3.499368] ACPI: Core revision 20150930
[    3.522163] ACPI: 2 ACPI AML tables successfully acquired and loaded
[    3.553700] Security Framework initialized
[    3.584963] Yama: becoming mindful.
[    3.597545] AppArmor: AppArmor initialized
[    3.608359] Dentry cache hash table entries: 65536 (order: 7, 524288 bytes)
[    3.624687] Inode-cache hash table entries: 32768 (order: 6, 262144 bytes)
[    3.673462] Mount-cache hash table entries: 1024 (order: 1, 8192 bytes)
[    3.686422] Mountpoint-cache hash table entries: 1024 (order: 1, 8192 bytes)
[    3.705728] Initializing cgroup subsys io
[    3.733167] Initializing cgroup subsys memory
[    3.754959] Initializing cgroup subsys devices
[    3.757736] Initializing cgroup subsys freezer
[    3.759483] Initializing cgroup subsys net_cls
[    3.776183] Initializing cgroup subsys perf_event
[    3.791357] Initializing cgroup subsys net_prio
[    3.830259] Initializing cgroup subsys hugetlb
[    3.831822] Initializing cgroup subsys pids
[    3.858052] CPU: Physical Processor ID: 0
[    3.882655] CPU: Processor Core ID: 0
[    3.900892] mce: CPU supports 0 MCE banks
[    3.912379] Last level iTLB entries: 4KB 512, 2MB 8, 4MB 8
[    3.914372] Last level dTLB entries: 4KB 512, 2MB 32, 4MB 32, 1GB 0
[    3.920571] Freeing SMP alternatives memory: 32K (ffffffff820b9000 - ffffffff820c1000)
[    3.949058] ftrace: allocating 32129 entries in 126 pages
[    4.053172] smpboot: APIC(0) Converting physical 0 to logical package 0
[    4.061352] smpboot: Max logical packages: 1
[    4.065193] ..TIMER: vector=0x30 apic1=0 pin1=2 apic2=-1 pin2=-1
[    4.172622] APIC calibration not consistent with PM-Timer: 98ms instead of 100ms
[    4.193626] APIC delta adjusted to PM-Timer: 6245336 (6174762)
[    4.205714] smpboot: CPU0: Intel(R) Core(TM) i3-3217U CPU @ 1.80GHz (family: 0x6, model: 0x3a, stepping: 0x9)
[    4.210633] Performance Events: unsupported p6 CPU model 58 no PMU driver, software events only.
[    4.220754] KVM setup paravirtual spinlock
[    4.226835] x86: Booting SMP configuration:
[    4.230648] .... node  #0, CPUs:      #1
[    4.238687] kvm-clock: cpu 1, msr 0:1ffe3041, secondary cpu clock
[    4.243214] mce: CPU supports 0 MCE banks
[    4.251917] x86: Booted up 1 node, 2 CPUs
[    4.262750] smpboot: Total of 2 processors activated (7376.62 BogoMIPS)
[    4.266730] devtmpfs: initialized
[    4.276902] evm: security.selinux
[    4.292929] evm: security.SMACK64
[    4.294394] evm: security.SMACK64EXEC
[    4.297177] evm: security.SMACK64TRANSMUTE
[    4.302625] evm: security.SMACK64MMAP
[    4.306862] evm: security.ima
[    4.315050] evm: security.capability
[    4.326061] clocksource: jiffies: mask: 0xffffffff max_cycles: 0xffffffff, max_idle_ns: 7645041785100000 ns
[    4.353291] futex hash table entries: 512 (order: 3, 32768 bytes)
[    4.359335] pinctrl core: initialized pinctrl subsystem
[    4.361396] RTC time: 14:47:17, date: 07/14/17
[    4.364565] NET: Registered protocol family 16
[    4.386013] cpuidle: using governor ladder
[    4.409319] cpuidle: using governor menu
[    4.420176] PCCT header not found.
[    4.443025] ACPI: bus type PCI registered
[    4.470324] acpiphp: ACPI Hot Plug PCI Controller Driver version: 0.5
[    4.475485] PCI: Using configuration type 1 for base access
[    4.502932] ACPI: Added _OSI(Module Device)
[    4.537913] ACPI: Added _OSI(Processor Device)
[    4.549703] ACPI: Added _OSI(3.0 _SCP Extensions)
[    4.554405] ACPI: Added _OSI(Processor Aggregator Device)
[    4.559134] ACPI: Executed 1 blocks of module-level executable AML code
[    4.574601] ACPI: Interpreter enabled
[    4.581742] ACPI: (supports S0 S5)
[    4.583356] ACPI: Using IOAPIC for interrupt routing
[    4.585953] PCI: Using host bridge windows from ACPI; if necessary, use "pci=nocrs" and report a bug
[    4.616419] ACPI: PCI Root Bridge [PCI0] (domain 0000 [bus 00-ff])
[    4.666876] acpi PNP0A03:00: _OSC: OS supports [ASPM ClockPM Segments MSI]
[    4.684931] acpi PNP0A03:00: _OSC failed (AE_NOT_FOUND); disabling ASPM
[    4.690996] acpi PNP0A03:00: fail to add MMCONFIG information, can't access extended PCI configuration space under this bridge.
[    4.708114] PCI host bridge to bus 0000:00
[    4.732035] pci_bus 0000:00: root bus resource [io  0x0000-0x0cf7 window]
[    4.735254] pci_bus 0000:00: root bus resource [io  0x0d00-0xffff window]
[    4.782154] pci_bus 0000:00: root bus resource [mem 0x000a0000-0x000bffff window]
[    4.801953] pci_bus 0000:00: root bus resource [mem 0x20000000-0xffdfffff window]
[    4.834680] pci_bus 0000:00: root bus resource [bus 00-ff]
[    4.859319] pci 0000:00:01.1: legacy IDE quirk: reg 0x10: [io  0x01f0-0x01f7]
[    4.883972] pci 0000:00:01.1: legacy IDE quirk: reg 0x14: [io  0x03f6]
[    4.887563] pci 0000:00:01.1: legacy IDE quirk: reg 0x18: [io  0x0170-0x0177]
[    4.920475] pci 0000:00:01.1: legacy IDE quirk: reg 0x1c: [io  0x0376]
[    4.979497] ACPI: PCI Interrupt Link [LNKA] (IRQs 5 9 10 11) *0, disabled.
[    5.017066] ACPI: PCI Interrupt Link [LNKB] (IRQs 5 9 10 *11)
[    5.064777] ACPI: PCI Interrupt Link [LNKC] (IRQs 5 9 *10 11)
[    5.095195] ACPI: PCI Interrupt Link [LNKD] (IRQs 5 *9 10 11)
[    5.101200] ACPI: Enabled 2 GPEs in block 00 to 07
[    5.148471] vgaarb: setting as boot device: PCI:0000:00:02.0
[    5.153354] vgaarb: device added: PCI:0000:00:02.0,decodes=io+mem,owns=io+mem,locks=none
[    5.179310] vgaarb: loaded
[    5.187636] vgaarb: bridge control possible 0000:00:02.0
[    5.194378] SCSI subsystem initialized
[    5.217109] ACPI: bus type USB registered
[    5.235680] usbcore: registered new interface driver usbfs
[    5.255060] usbcore: registered new interface driver hub
[    5.274892] usbcore: registered new device driver usb
[    5.318605] PCI: Using ACPI for IRQ routing
[    5.335949] NetLabel: Initializing
[    5.348714] NetLabel:  domain hash size = 128
[    5.360098] NetLabel:  protocols = UNLABELED CIPSOv4
[    5.372276] NetLabel:  unlabeled traffic allowed by default
[    5.389082] amd_nb: Cannot enumerate AMD northbridges
[    5.452206] clocksource: Switched to clocksource kvm-clock
[    5.570425] AppArmor: AppArmorFilesysemnaled
[    5.823253] pnp: PnP ACPI init
[    5.830574] pnp: PnP ACPI: found 3 devices

[   5.858150] clocksource: acpi_pm: mask: 0xffffff max_cycles: 0xffffff, max_idle_ns: 208570102 ns
[   .0022] ET Ristered protocol family 2

[    6.337053] TCP established hash table entries: 4096 (order: 3, 32768 bytes)
[    6.342994] TCP bind hash table entries: 4096 (order: 4, 65536 bytes)
[    6.345700] TCP: Hash tables configured (established 4096 bind 4096)
[    6.348557] UDP hash table entries: 256 (order: 1, 8192 bytes)
[   .3098]UD-Ltehah abe ntes 256 (order: 1, 8192 bytes)
[    6.971950] NET: Registered protocol family 1
[    6.974547 pi 000:00:00.0: Limiting direct PCI/PCI transfers
[    7.09625 pi 00:0010:Actvain IA MAanwokaunds
[    7.846970] Unpacking initramfs...
[  11.48127] reeing initrd mmory: 10824K (ffff88001ecc6000 - ffff88001f758000)

[   1165631RAL PMU etct, I niis2^32ous, fxe coute 173418240 ms ovfl timer
[  12.679107] hw unit of domain pp0-core 2^-0 Joules

[   12.721915] hw unit of domain package 2^-0 Joules
[   12.757373] hw unit of domain pp1-gpu 2^-0 Joules
[   127812] latform rtc_cmosreistered plafo RC evcenoPNP device found)
[ 13862]cani for low memory corruption every 60 seconds
[  13.788585] clocksource: tsc: mask: 0xffffffffffffffff max_cycles: 0x352a331b395, max_idle_ns: 881590773076 ns
[   13.839094] audit: initializing netlink subsys (disabled)
[   13.841651] audit: type=2000 audit(1500043652.060:1): initialized
[   13.869227] Initialise system trusted keyring
[   13.884758] HugeTLB registered 2 MB page size, pre-allocated 0 pages
[   13.917623] zbud: loaded
[   13.931139] VFS: Disk quotas dquot_6.6.0
[   13.935559] VFS: Dquot-cache hash table entries: 512 (order 0, 4096 bytes)
[   13.940466] squashfs: version 4.0 (2009/01/31) Phillip Lougher
[   13.945747] fuse init (API version 7.23)
[   13.959046] Key type big_key registered
[   13.962335] AloatngIM M a bckstkeris.
[   14.656756] Key type asymmetric registered
[   14.665589] Asymmetric key parser 'x509' registered
[   14.676073] Block layer SCSI generic (bsg) driver version 0.4 loaded (major 249)
[   14.712688] io scheduler noop registered
[   14.730334] io scheduler deadline registered (default)
[   14.734497] io scheduler cfq registered
[   14.738689] pci_hotplug: PCI Hot Plug PCI Core version: 0.5
[   14.746751] pciehp: PCI Express Hot Plug Controller Driver version: 0.4
[   14.760429] ACPI: AC Adapter [AC] (on-line)
[   14.766190] input: Power Button as /devices/LNXSYSTM:00/LNXPWRBN:00/input/input0
[   14.810150] ACPI: Power Button [PWRF]
[   14.823444] input: Sleep Button as /devices/LNXSYSTM:00/LNXSLPBN:00/input/input1
[   14.829245] ACPI: Sleep Button [SLPF]
[   14.838093] GHES: HEST is not enabled!
[   14.839979] ACPI: Battery Slot [BAT0] (battery present)
[   14.858710] Serial: 8250/16550 driver, 32 ports, IRQ sharing enabled
[   14.893065] 00:02: ttyS0 at I/O 0x3f8 (irq = 4, base_baud = 115200) is a 16550A
[   14.949811] Linux agpgart interface v0.103
[   14.971559] loop: module loaded
[  19881] scsi host0: ata_pii

[   15.196463] scsi host1: at_pix
[  1.3872]at1:ATA ax UDMA/33 cmd 0x1f0 ctl 0x3f6 bmdma 0xd000 irq 14
[   15.6776] ata2: PATA max UDMA/33 cmd 0x170 ctl 0x376 bmdma 0xd008 irq 15
[   15.736292] libphy: Fixed MDIO Bus: probed
[   15.74314 tun: Universal TUN/TAP device river, 1.6
[   158966 tun: (C) 19-24 x ranynsy maxk@qualcomm.com>

[   16.433113] PPP generic driver version 2.4.2
[   16.435432] ehci_hcd: USB 2.0 'Enhanced' Host Controller (EHCI) Driver
[   16.438517] ehci-pci: EHCI PCI platform driver
[   16.441652] ehci-platform: EHCI generic platform driver
[   16.453301] ohci_hcd: USB 1.1 'Open' Host Controller (OHCI) Driver
[   16.482728] ohci-pci: OHCI PCI platform driver
[   16.490691] ohci-platform: OHCI generic platform driver
[   16.508946] uhci_hcd: USB Universal Host Controller Interface driver
[   16.546296] i8042: PNP: PS/2 Controller [PNP0303:PS2K,PNP0f03:PS2M] at 0x60,0x64 irq 1,12
[   16.556759] serio: i8042 KBD port at 0x60,0x64 irq 1
[   16.569199] serio: i8042 AUX port at 0x60,0x64 irq 12
[   16.586536] mousedev: PS/2 mouse device common for all mice
[   16.592319] rtc_cmos rtc_cmos: rtc core: registered rtc_cmos as rtc0
[   16.607106] rtc_cmos rtc_cmos: alarms up to one day, 114 bytes nvram
[   16.616619] input: AT Translated Set 2 keyboard as /devices/platform/i8042/serio0/input/input2
[   16.627927] i2c /dev entries driver
[   16.631535] device-mapper: uevent: version 1.0.3
[   16.635501] device-mapper: ioctl: 4.34.0-ioctl (2015-10-28) initialised: dm-devel@redhat.com
[   16.651694] ledtrig-cpu: registered to indicate activity on CPUs
[   16.659298] NET: Registered protocol family 10
[   16.673336] NET: Registered protocol family 17
[   16.683148] Key type dns_resolver registered
[   16.718287] microcode: CPU0 sig=0x306a9, pf=0x2, revision=0x19
[   16.723249] microcode: CPU1 sig=0x306a9, pf=0x2, revision=0x19
[   16.727296] microcode: Microcode Update Driver: v2.01 <tigran@aivazian.fsnet.co.uk>, Peter Oruba
[   16.745289] registered taskstats version 1
[   16.753932] Loading compiled-in X.509 certificates
[   16.759884] Loaded X.509 cert 'Build time autogenerated kernel key: 35105354eb779045e4d9ad793dead39d5ee93f76'
[   16.769797] zswap: loaded using pool lzo/zbud
[   16.774960] Key type trusted registered
[   16.826100] Key type encrypted registered
[   16.846884] AppArmor: AppArmor sha1 policy hashing enabled
[   16.865698] ima: No TPM chip found, activating TPM-bypass!
[   16.867583] evm: HMAC attrs: 0x1
[   16.875576]   Magic number: 9:777:788
[   16.878354] rtc_cmos rtc_cmos: setting system clock to 2017-07-14 14:47:30 UTC (1500043650)
[   16.881543] BIOS EDD facility v0.16 2004-Jun-25, 0 devices found
[   16.883499] EDD information not available.
[   16.889454] Freeing unused kernel memory: 1488K (ffffffff81f45000 - ffffffff820b9000)
[   16.907495] Write protecting the kernel read-only data: 14336k
[   16.911480] Freeing unused kernel memory: 1760K (ffff880001848000 - ffff880001a00000)
[   16.927494] Freeing unused kernel memory: 112K (ffff880001de4000 - ffff880001e00000)
Loading, please wait...
starting version[   16.961892] random: systemd-udevd: uninitialized urandom read (16 bytes read, 3 bits of entropy available)
 229
[   16.962898] random: udevadm: uninitialized urandom read (16 bytes read, 3 bits of entropy available)
[   16.962957] random: udevadm: uninitialized urandom read (16 bytes read, 3 bits of entropy available)
[   16.963155] random: udevadm: uninitialized urandom read (16 bytes read, 3 bits of entropy available)
[   16.963312] random: udevadm: uninitialized urandom read (16 bytes read, 3 bits of entropy available)
[   16.963390] random: udevadm: uninitialized urandom read (16 bytes read, 3 bits of entropy available)
[   16.963465] random: udevadm: uninitialized urandom read (16 bytes read, 3 bits of entropy available)
[   16.963543] random: udevadm: uninitialized urandom read (16 bytes read, 3 bits of entropy available)
[   16.963614] random: udevadm: uninitialized urandom read (16 bytes read, 3 bits of entropy available)
[   16.963710] random: udevadm: uninitialized urandom read (16 bytes read, 3 bits of entropy available)
[   17.249241] e1000: Intel(R) PRO/1000 Network Driver - version 7.3.21-k8-NAPI
[   17.260785] e1000: Copyright (c) 1999-2006 Intel Corporation.
[   17.297432] Fusion MPT base driver 3.04.20
[   17.304863] Copyright (c) 1999-2008 LSI Corporation
[   17.359562] Fusion MPT SPI Host driver 3.04.20
[   17.540475] input: ImExPS/2 Generic Explorer Mouse as /devices/platform/i8042/serio1/input/input4
[   17.842841] e1000 0000:00:03.0 eth0: (PCI:33MHz:32-bit) 02:fe:ea:33:6c:e6
[   17.870947] e1000 0000:00:03.0 eth0: Intel(R) PRO/1000 Network Connection
[   17.889726] e1000 0000:00:03.0 enp0s3: renamed from eth0
[   17.894480] mptbase: ioc0: Initiating bringup
[   17.968974] ioc0: LSI53C1030 A0: Capabilities={Initiator}
[   18.140648] scsi host2: ioc0: LSI53C1030 A0, FwRev=00000000h, Ports=1, MaxQ=256, IRQ=20
[   18.266132] scsi 2:0:0:0: Direct-Access     VBOX     HARDDISK         1.0  PQ: 0 ANSI: 5
[   18.329832] scsi target2:0:0: Beginning Domain Validation
[   18.346351] scsi target2:0:0: Domain Validation skipping write tests
[   18.383171] scsi target2:0:0: Ending Domain Validation
[   18.417471] scsi target2:0:0: asynchronous
[   18.420453] scsi 2:0:1:0: Direct-Access     VBOX     HARDDISK         1.0  PQ: 0 ANSI: 5
[   18.444711] scsi target2:0:1: Beginning Domain Validation
[   18.449839] scsi target2:0:1: Domain Validation skipping write tests
[   18.480917] scsi target2:0:1: Ending Domain Validation
[   18.489215] scsi target2:0:1: asynchronous
[   18.526582] sd 2:0:0:0: Attached scsi generic sg0 type 0
[   18.540574] sd 2:0:0:0: [sda] 20971520 512-byte logical blocks: (10.7 GB/10.0 GiB)
[   18.557533] sd 2:0:1:0: Attached scsi generic sg1 type 0
[   18.558147] sd 2:0:1:0: [sdb] 20480 512-byte logical blocks: (10.5 MB/10.0 MiB)
[   18.558654] sd 2:0:0:0: [sda] Write Protect is off
[   18.559733] sd 2:0:1:0: [sdb] Write Protect is off
[   18.559759] sd 2:0:0:0: [sda] Incomplete mode parameter data
[   18.559760] sd 2:0:0:0: [sda] Assuming drive cache: write through
[   18.559993] sd 2:0:1:0: [sdb] Incomplete mode parameter data
[   18.559994] sd 2:0:1:0: [sdb] Assuming drive cache: write through
[   18.580191]  sda: sda1
[   18.582550] sd 2:0:0:0: [sda] Attached SCSI disk
[   18.633953] sd 2:0:1:0: [sdb] Attached SCSI disk
[   20.348408] floppy0: no floppy controllers found
Begin: Loading essential drivers[   22.145851] md: linear personality registered for level -1
 ... [   22.179871] md: multipath personality registered for level -4
[   22.196672] md: raid0 personality registered for level 0
[   22.241490] md: raid1 personality registered for level 1
[   22.340328] raid6: sse2x1   gen()  3983 MB/s
[   22.436242] raid6: sse2x1   xor()  3107 MB/s
[   22.532381] raid6: sse2x2   gen()  5396 MB/s
[   22.636204] raid6: sse2x2   xor()  3645 MB/s
[   22.704445] raid6: sse2x4   gen()  6128 MB/s
[   22.772492] raid6: sse2x4   xor()  4931 MB/s
[   22.797610] raid6: using algorithm sse2x4 gen() 6128 MB/s
[   22.802436] raid6: .... xor() 4931 MB/s, rmw enabled
[   22.815521] raid6: using ssse3x2 recovery algorithm
[   22.842217] xor: automatically using best checksumming function:
[   22.884521]    avx       :  8984.000 MB/sec
[   22.894510] async_tx: api initialized (async)
[   22.932398] md: raid6 personality registered for level 6
[   22.936343] md: raid5 personality registered for level 5
[   22.940266] md: raid4 personality registered for level 4
[   22.957403] md: raid10 personality registered for level 10
done.
Begin: Running /scripts/init-premount ... done.
Begin: Mounting root file system ... Begin: Running /scripts/local-top ..[   23.048002] Btrfs loaded
. done.
Begin: Running /scripts/local-premount ... Scanning for Btrfs filesystems
done.
Warning: fsck not present, so skipping root file system
[   23.668221] EXT4-fs (sda1): mounted filesystem with ordered data mode. Opts: (null)
done.
Begin: Running /scripts/local-bottom ... done.
Begin: Running /scripts/init-bottom ... done.
[   23.913960] random: nonblocking pool is initialized
[   26.322494] systemd[1]: systemd 229 running in system mode. (+PAM +AUDIT +SELINUX +IMA +APPARMOR +SMACK +SYSVINIT +UTMP +LIBCRYPTSETUP +GCRYPT +GNUTLS +ACL +XZ -LZ4 +SECCOMP +BLKID +ELFUTILS +KMOD -IDN)
[   26.352792] systemd[1]: Detected virtualization oracle.
[   26.358976] systemd[1]: Detected architecture x86-64.

Welcome to [1mUbuntu 16.04.2 LTS[0m!

[   26.588729] systemd[1]: Set hostname to <ubuntu>.
[   26.718962] systemd[1]: Initializing machine ID from random generator.
[   26.733192] systemd[1]: Installed transient /etc/machine-id file.
[   33.887164] systemd[1]: Set up automount Arbitrary Executable File Formats File System Automount Point.
[[0;32m  OK  [0m] Set up automount Arbitrary Executab...ats File System Automount Point.
[   33.921068] systemd[1]: Reached target Encrypted Volumes.
[[0;32m  OK  [0m] Reached target Encrypted Volumes.
[   33.968719] systemd[1]: Listening on LVM2 metadata daemon socket.
[[0;32m  OK  [0m] Listening on LVM2 metadata daemon socket.
[   33.999700] systemd[1]: Listening on udev Kernel Socket.
[[0;32m  OK  [0m] Listening on udev Kernel Socket.
[   34.044629] systemd[1]: Listening on Syslog Socket.
[[0;32m  OK  [0m] Listening on Syslog Socket.
[   34.080628] systemd[1]: Reached target Swap.
[[0;32m  OK  [0m] Reached target Swap.
[   34.100282] systemd[1]: Listening on Journal Socket.
[[0;32m  OK  [0m] Listening on Journal Socket.
[   34.136596] systemd[1]: Reached target User and Group Name Lookups.
[[0;32m  OK  [0m] Reached target User and Group Name Lookups.
[   34.212793] systemd[1]: Listening on Journal Socket (/dev/log).
[[0;32m  OK  [0m] Listening on Journal Socket (/dev/log).
[   34.231915] systemd[1]: Listening on Device-mapper event daemon FIFOs.
[[0;32m  OK  [0m] Listening on Device-mapper event daemon FIFOs.
[   34.278497] systemd[1]: Listening on udev Control Socket.
[[0;32m  OK  [0m] Listening on udev Control Socket.
[   34.348505] systemd[1]: Started Trigger resolvconf update for networkd DNS.
[[0;32m  OK  [0m] Started Trigger resolvconf update for networkd DNS.
[   34.388690] systemd[1]: Started Forward Password Requests to Wall Directory Watch.
[[0;32m  OK  [0m] Started Forward Password Requests to Wall Directory Watch.
[   34.400034] systemd[1]: Created slice System Slice.
[[0;32m  OK  [0m] Created slice System Slice.
[   34.440490] systemd[1]: Starting Set console keymap...
         Starting Set console keymap...
[   34.458961] systemd[1]: Mounting Huge Pages File System...
         Mounting Huge Pages File System...
[   34.481779] systemd[1]: Starting Monitoring of LVM2 mirrors, snapshots etc. using dmeventd or progress polling...
         Starting Monitoring of LVM2 mirrors... dmeventd or progress polling...
[   34.507069] systemd[1]: Starting Uncomplicated firewall...
         Starting Uncomplicated firewall...
[   34.534143] systemd[1]: Starting Nameserver information manager...
         Starting Nameserver information manager...
[   34.549247] systemd[1]: Starting Remount Root and Kernel File Systems...
         Starting Remount Root and Kernel File Systems...
[   34.596722] systemd[1]: Mounting POSIX Message Queue File System...
         Mounting POSIX Message Queue File System...
[   34.791974] EXT4-fs (sda1): re-mounted. Opts: (null)
[   34.972402] systemd[1]: Starting Load Kernel Modules...
         Starting Load Kernel Modules...
[   35.069243] systemd[1]: Created slice system-serial\x2dgetty.slice.
[[0;32m  OK  [0m] Created slice system-serial\x2dgetty.slice.
[   35.157528] systemd[1]: Created slice User and Session Slice.
[[0;32m  OK  [0m] Created slice User and Session Slice.
[   35.175865] systemd[1]: Reached target Slices.
[[0;32m  OK  [0m] Reached target Slices.
[   35.232244] systemd[1]: Mounting Debug File System...
         Mounting Debug File System...
[   35.264616] systemd[1]: Listening on /dev/initctl Compatibility Named Pipe.
[[0;32m  OK  [0m] Listening on /dev/initctl Compatibility Named Pipe.
[   35.372548] systemd[1]: Starting Create list of required static device nodes for the current kernel...
         Starting Create list of required st... nodes for the current kernel...
[   35.428374] systemd[1]: Listening on Journal Audit Socket.
[[0;32m  OK  [0m] Listening on Journal Audit Socket.
[   35.489674] systemd[1]: Listening on LVM2 poll daemon socket.
[[0;32m  OK  [0m] Listening on LVM2 poll daemon socket.
[   35.546533] Loading iSCSI transport class v2.0-870.
[   35.549641] systemd[1]: Starting Journal Service...
         Starting Journal Service...
[   35.853958] systemd[1]: Mounted Debug File System.
[[0;32m  OK  [0m] Mounted Debug File System.
[   35.888102] systemd[1]: Mounted Huge Pages File System.
[[0;32m  OK  [0m] Mounted Huge Pages File System.
[   35.922769] systemd[1]: Mounted POSIX Message Queue File System.
[[0;32m  OK  [0m] Mounted POSIX Message Queue File System.
[   35.930065] systemd[1]: Started Set console keymap.
[[0;32m  OK  [0m] Started Set console keymap.
[   35.965242] systemd[1]: Started Uncomplicated firewall.
[[0;32m  OK  [0m] Started Uncomplicated firewall.
[   36.033470] systemd[1]: Started Remount Root and Kernel File Systems.
[[0;32m  OK  [[   36.097134] iscsi: registered transport (tcp)
0m] Started Remount Root and Kernel File Systems.
[   36.119085] systemd[1]: Started Create list of required static device nodes for the current kernel.
[[0;32m  OK  [0m] Started Create list of required sta...ce nodes for the current kernel.
[   36.232581] systemd[1]: Started LVM2 metadata daemon.
[[0;32m  OK  [0m] Started LVM2 metadata daemon.
[   36.317071] systemd[1]: Starting Create Static Device Nodes in /dev...
         Starting Create Static Device Nodes in /dev...
[   36.377177] systemd[1]: Starting Initial cloud-init job (pre-networking)...
         Starting Initial cloud-init job (pre-networking)...
[   36.448753] systemd[1]: Starting Load/Save Random Seed...
         Starting Load/Save Random Seed...
[   36.664546] systemd[1]: Starting udev Coldplug all Devices...
         Starting udev Coldplug all Devices...
[   36.784504] systemd[1]: Started Nameserver information manager.
[[0;32m  OK  [0m] Started Nameserver information manager.
[   36.887271] systemd[1]: Started Load/Save Random Seed.
[[0;32m  OK  [0m] Started Load/Save Random Seed.
[   37.082554] systemd[1]: Started udev Coldplug all Devices.
[[0;32m  OK  [0m] Started udev Coldplug all Devices.
[   37.191394] systemd[1]: Started Journal Service.
[[0;32m  OK  [0m] Started Journal Service.
[   37.245459] iscsi: registered transport (iser)
         Starting Flush Journal to Persistent Storage...
[[0;32m  OK  [0m] Started Monitoring of LVM2 mirrors,...ng dmeventd or progress polling.
[[0;32m  OK  [0m] Started Load Kernel Modules.
         Starting Apply Kernel Variables...
         Mounting FUSE Control File System...
[[0;32m  OK  [0m] Mounted FUSE Control File System.
[   37.581743] systemd-journald[392]: Received request to flush runtime journal from PID 1
[[0;32m  OK  [0m] Started Flush Journal to Persistent Storage.
[[0;32m  OK  [0m] Started Apply Kernel Variables.
[[0;32m  OK  [0m] Started Create Static Device Nodes in /dev.
         Starting udev Kernel Device Manager...
[[0;32m  OK  [0m] Started udev Kernel Device Manager.
[[0;32m  OK  [0m] Reached target Local File Systems (Pre).
[[0;32m  OK  [0m] Reached target Local File Systems.
         Starting Set console font and keymap...
         Starting Commit a transient machine-id on disk...
         Starting Tell Plymouth To Write Out Runtime Data...
         Starting Create Volatile Files and Directories...
         Starting LSB: AppArmor initialization...
[[0;32m  OK  [0m] Started Dispatch Password Requests to Console Directory Watch.
[[0;32m  OK  [0m] Started Commit a transient machine-id on disk.
[[0;32m  OK  [0m] Started Tell Plymouth To Write Out Runtime Data.
[[0;32m  OK  [0m] Started Create Volatile Files and Directories.
[[0;32m  OK  [0m] Reached target System Time Synchronized.
         Starting Update UTMP about System Boot/Shutdown...
[[0;32m  OK  [0m] Found device /dev/ttyS0.
[[0;32m  OK  [0m] Started Update UTMP about System Boot/Shutdown.
[[0;32m  OK  [0m] Started Set console font and keymap.
[[0;32m  OK  [0m] Created slice system-getty.slice.
[[0;32m  OK  [0m] Listening on Load/Save RF Kill Switch Status /dev/rfkill Watch.
[[0;32m  OK  [0m] Started LSB: AppArmor initialization.
[   45.008343] cloud-init[411]: Cloud-init v. 0.7.9 running 'init-local' at Fri, 14 Jul 2017 14:48:02 +0000. Up 43.79 seconds.
[[0;32m  OK  [0m] Started Initial cloud-init job (pre-networking).
[[0;32m  OK  [0m] Reached target Network (Pre).
         Starting Raise network interfaces...
[[0;32m  OK  [0m] Started Raise network interfaces.
[[0;32m  OK  [0m] Reached target Network.
         Starting Initial cloud-init job (metadata service crawler)...
[   53.143619] cloud-init[920]: Cloud-init v. 0.7.9 running 'init' at Fri, 14 Jul 2017 14:48:04 +0000. Up 46.44 seconds.
[   53.157048] cloud-init[920]: ci-info: +++++++++++++++++++++++++++++++++++++Net device info++++++++++++++++++++++++++++++++++++++
[   53.163731] cloud-init[920]: ci-info: +--------+------+----------------------------+---------------+-------+-------------------+
[   53.185079] cloud-init[920]: ci-info: | Device |  Up  |          Address           |      Mask     | Scope |     Hw-Address    |
[   53.209087] cloud-init[920]: ci-info: +--------+------+----------------------------+---------------+-------+-------------------+
[   53.241148] cloud-init[920]: ci-info: | enp0s3 | True |         10.0.2.15          | 255.255.255.0 |   .   | 02:fe:ea:33:6c:e6 |
[   53.264981] cloud-init[920]: ci-info: | enp0s3 | True | fe80::fe:eaff:fe33:6ce6/64 |       .       |  link | 02:fe:ea:33:6c:e6 |
[   53.308708] cloud-init[920]: ci-info: |   lo   | True |         127.0.0.1          |   255.0.0.0   |   .   |         .         |
[   53.324628] [cloud-init[0;32m  OK  [0m[920]: ] ci-info: |   lo   | True |          ::1/128           |       .       |  host |         .         |Started Initial cloud-init job (metadata service crawler).

[   53.336908] [cloud-init[0;32m  OK  [0m[920]: ] ci-info: +--------+------+----------------------------+---------------+-------+-------------------+Reached target Network is Online.

         Starting iSCSI initiator daemon (iscsid)...
[   53.364064] cloud-init[920]: ci-info: +++++++++++++++++++++++++++Route IPv4 info++++++++++++++++++++++++++++
[   53.372471] [cloud-init[0;32m  OK  [0m[920]: ] ci-info: +-------+-------------+----------+---------------+-----------+-------+Reached target System Initialization.

         [   53.373655] Starting Socket activation for snappy daemon.cloud-init
[920]: ci-info: | Route | Destination | Gateway  |    Genmask    | Interface | Flags |
[   53.420867] cloud-init[920]: ci-info: +-------+-------------+----------+---------------+-----------+-------+
[   53.449341] cloud-init[920]: ci-info: |   0   |   0.0.0.0   | 10.0.2.2 |    0.0.0.0    |   enp0s3  |   UG  |
[   53.455359] cloud-init[920]: ci-info: |   1   |   10.0.2.0  | 0.0.0.0  | 255.255.255.0 |   enp0s3  |   U   |
[   53.464901] cloud-init[920]: ci-info: +-------+-------------+----------+---------------+-----------+-------+
[   53.472836] cloud-init[920]: Generating public/private rsa key pair.
[   53.476872] cloud-init[920]: Your identification has been saved in /etc/ssh/ssh_host_rsa_key.
[   53.487459] cloud-init[920]: Your public key has been saved in /etc/ssh/ssh_host_rsa_key.pub.
[   53.514631] cloud-init[920]: The key fingerprint is:
[   53.541043] cloud-init[920]: SHA256:swPtizG6io+q8HuCBDA+hs5sjsrG2o4vF/Ogo8bQQEQ root@ubuntu-xenial
[   53.570580] cloud-init[920]: The key's randomart image is:
[   53.598759] cloud-init[920]: +---[RSA 2048]----+
[   53.633482] cloud-init[920]: |oE               |
[   53.648834] cloud-init[920]: |o.               |
[   53.653852] cloud-init[920]: |=.               |
[   53.657347] cloud-init[920]: |++     .         |
[   53.680725] cloud-init[920]: |*o.   . S        |
[   53.683421] cloud-init[920]: |.*=    o o       |
[   53.686773] cloud-init[920]: |Xo =  o +        |
[   53.713856] cloud-init[920]: |O%o o. + o       |
[   53.720541] cloud-init[920]: |^OO=o.. .        |
[   53.723200] cloud-init[920]: +----[SHA256]-----+
[   53.744789] cloud-init[920]: Generating public/private dsa key pair.
[   53.809016] cloud-init[920]: Your identification has been saved in /etc/ssh/ssh_host_dsa_key.
[   53.837372] [[0;32m  OK  [0m] Started ACPI Events Check.
[[0;32m  OK  [0m] Reached target Paths.
[[0;32m  OK  [0m] Listening on D-Bus System Message Bus Socket.
[[0;32m  OK  [0m] Started Daily Cleanup of Temporary Directories.
cloud-init[920]: Your public key has been saved in /etc/ssh/ssh_host_dsa_key.pub.
         Starting LXD - unix socket.
[   53.990802] cloud-init[920]: The key fingerprint is:
[[0;32m  OK  [0m] Started Timer to automatically refresh installed snaps.
[[0;32m  OK  [0m] Started Daily apt activities.
[[0;32m  OK  [0m] Reached target Timers.
[[0;32m  OK  [0m] Listening on ACPID Listen Socket.
[[0;32m  OK  [0m] Listening on UUID daemon activation socket.
[[0;32m  OK  [0m] Reached target Cloud-config availability.
[   54.051561] cloud-init[920]: SHA256:kxSiqTu8t83mvez8jSevEMVRRdzFcEo7ixm7LzmBgYo root@ubuntu-xenial
[   54.236679] cloud-init[920]: The key's randomart image is:
[   54.256831] [cloud-init[0;32m  OK  [0m[920]: ] +---[DSA 1024]----+Listening on Socket activation for snappy daemon.

[   54.276430] cloud-init[920]: |      . . ...+=++|
[   54.288961] cloud-init[920]: |     o . o . ..+o|
[   54.304510] cloud-init[920]: |    o   ..o . +  |
[   54.304710] cloud-init[920]: |   .   ..o.  = o |
[   54.304973] cloud-init[920]: |  .  . .S  o+ .  |
[   54.305101] cloud-init[920]: | . .E .  o. ..   |
[   54.305246] cloud-init[920]: |  +     .   .o   |
[   54.305416] cloud-init[920]: |   o.o.+ ..o=.   |
[   54.305551] cloud-init[920]: |  ...++.*o+=oo.  |
[   54.305680] cloud-init[920]: +----[SHA256]-----+
[   54.305779] cloud-init[920]: Generating public/private ecdsa key pair.
[   54.305859] cloud-init[920]: Your identification has been saved in /etc/ssh/ssh_host_ecdsa_key.
[   54.305929] cloud-init[920]: Your public key has been saved in /etc/ssh/ssh_host_ecdsa_key.pub.
[   54.305996] cloud-init[920]: The key fingerprint is:
[   54.306064] cloud-init[920]: SHA256:kpZepkMsOdojJUSmo8kJAwia2xuMvxnIkXHS0436JDU root@ubuntu-xenial
[   54.306130] cloud-init[920]: The key's randomart image is:
[   54.306207] cloud-init[920]: +---[ECDSA 256]---+
[   54.306336] cloud-init[920]: |= o              |
[   54.306407] cloud-init[920]: |+=. . o          |
[   54.306477] cloud-init[920]: |Bo.+ E .         |
[   54.306544] cloud-init[920]: |+X* +o.o         |
[   54.306609] cloud-init[920]: |===o=.B S        |
[   54.306677] cloud-init[920]: |.o.B+* =         |
[   54.306794] cloud-init[920]: |..* o.+          |
[   54.306874] cloud-init[920]: |   = . .         |
[   54.306943] cloud-init[920]: |  o              |
[   54.307010] cloud-init[920]: +----[SHA256]-----+
[   54.307084] cloud-init[920]: Generating public/private ed25519 key pair.
[   54.307193] cloud-init[920]: Your identification has been saved in /etc/ssh/ssh_host_ed25519_key.
[   54.307324] cloud-init[920]: Your public key has been saved in /etc/ssh/ssh_host_ed25519_key.pub.
[   54.307399] cloud-init[920]: The key fingerprint is:
[   54.307465] cloud-init[920]: SHA256:sAIhZncFw44K/kGTpd2x8xHiGIwlvVnqq8JmnBZ3NMY root@ubuntu-xenial
[   54.307531] cloud-init[920]: The key's randomart image is:
[   54.307600] cloud-init[920]: +--[ED25519 256]--+
[   54.307765] cloud-init[920]: |.o.o*=o.         |
[   54.307900] cloud-init[920]: |o..oo*.+ .       |
[   54.308020] cloud-init[920]: |  . O @ + .      |
[   54.308137] cloud-init[920]: |.  B E B .       |
[[0;32m  OK  [0m] Listening on LXD - unix socket.
[[0;32m  OK  [0m] Started iSCSI initiator daemon (iscsid).
[   54.308423] cloud-init[920]: |o o * o S .      |
[   54.765212] cloud-init[920]: | + o +   .       |
         Starting Login to default iSCSI targets...
[[0;32m  OK  [0m] Reached target Sockets.
[[0;32m  OK  [0m] Reached target Basic System.
[   54.772362] cloud-init[920]: |o = o .          |
[   54.797640] cloud-init[920]: | O . .           |
[   54.801554] cloud-init[920]: |+ ...            |
[   54.805495] cloud-init[920]: +----[SHA256]-----+
         Starting Login Service...
[[0;32m  OK  [0m] Started FUSE filesystem for LXC.
         Starting LSB: Record successful boot for GRUB...
[[0;32m  OK  [0m] Started Unattended Upgrades Shutdown.
         Starting System Logging Service...
         Starting Apply the settings specified in cloud-config...
[[0;32m  OK  [0m] Started D-Bus System Message Bus.
         Starting Accounts Service...
[[0;32m  OK  [0m] Started ACPI event daemon.
[[0;32m  OK  [0m] Started Regular background program processing daemon.
         Starting LSB: MD monitoring daemon...
         Starting Pollinate to seed the pseudo random number generator...
[[0;32m  OK  [0m] Started Snappy daemon.
         Starting Auto import assertions from block devices...
         Starting LXD - container startup/shutdown...
         Starting /etc/rc.local Compatibility...
[[0;32m  OK  [0m] Started Deferred execution scheduler.
[[0;32m  OK  [0m] Started System Logging Service.
[[0;32m  OK  [0m] Started Auto import assertions from block devices.
[[0;32m  OK  [0m] Started /etc/rc.local Compatibility.
[[0;32m  OK  [0m] Started Login Service.
[   56.965881] cloud-init[1029]: Generating locales (this might take a while)...
[[0;32m  OK  [0m] Started LSB: Record successful boot for GRUB.
[[0;32m  OK  [0m] Started Login to default iSCSI targets.
[[0;32m  OK  [0m] Reached target Remote File Systems (Pre).
[[0;32m  OK  [0m] Reached target Remote File Systems.
         Starting Permit User Sessions...
         Starting LSB: Set the CPU Frequency Scaling governor to "ondemand"...
         Starting LSB: daemon to balance interrupts for SMP systems...
         Starting LSB: automatic crash report generation...
         Starting LSB: VirtualBox Linux Additions...
[[0;32m  OK  [0m] Started LSB: MD monitoring daemon.
[[0;32m  OK  [0m] Started LSB: Set the CPU Frequency Scaling governor to "ondemand".
[[0;32m  OK  [0m] Started Permit User Sessions.
         Starting Hold until boot process finishes up...
         Starting Terminate Plymouth Boot Screen...
[[0;32m  OK  [0m] Started Hold until boot process finishes up.
[[0;32m  OK  [0m] Started Terminate Plymouth Boot Screen.
[[0;32m  OK  [0m] Started Getty on tty1.
[[0;32m  OK  [0m] Started Serial Getty on ttyS0.
[[0;32m  OK  [0m] Reached target Login Prompts.
         Starting Set console scheme...
[[0;32m  OK  [0m] Started Set console scheme.
[[0;32m  OK  [0m] Started LSB: automatic crash report generation.
[[0;32m  OK  [0m] Started LSB: daemon to balance interrupts for SMP systems.
         Starting Authenticate and Authorize Users to Run Privileged Tasks...
[[0;32m  OK  [0m] Started LSB: VirtualBox Linux Additions.
[[0;32m  OK  [0m] Started Authenticate and Authorize Users to Run Privileged Tasks.
[[0;32m  OK  [0m] Started Accounts Service.
[   62.490617] cloud-init[1029]:   en_US.UTF-8... done
[   62.528157] cloud-init[1029]: Generation complete.

Ubuntu 16.04.2 LTS ubuntu-xenial ttyS0

ubuntu-xenial login: [   71.059022] cloud-init[1029]: Cloud-init v. 0.7.9 running 'modules:config' at Fri, 14 Jul 2017 14:48:14 +0000. Up 55.60 seconds.
ci-info: no authorized ssh keys fingerprints found for user ubuntu.
<14>Jul 14 14:48:31 ec2: 
<14>Jul 14 14:48:31 ec2: #############################################################
<14>Jul 14 14:48:31 ec2: -----BEGIN SSH HOST KEY FINGERPRINTS-----
<14>Jul 14 14:48:31 ec2: 1024 SHA256:kxSiqTu8t83mvez8jSevEMVRRdzFcEo7ixm7LzmBgYo root@ubuntu-xenial (DSA)
<14>Jul 14 14:48:31 ec2: 256 SHA256:kpZepkMsOdojJUSmo8kJAwia2xuMvxnIkXHS0436JDU root@ubuntu-xenial (ECDSA)
<14>Jul 14 14:48:31 ec2: 256 SHA256:sAIhZncFw44K/kGTpd2x8xHiGIwlvVnqq8JmnBZ3NMY root@ubuntu-xenial (ED25519)
<14>Jul 14 14:48:31 ec2: 2048 SHA256:swPtizG6io+q8HuCBDA+hs5sjsrG2o4vF/Ogo8bQQEQ root@ubuntu-xenial (RSA)
<14>Jul 14 14:48:31 ec2: -----END SSH HOST KEY FINGERPRINTS-----
<14>Jul 14 14:48:31 ec2: #############################################################
-----BEGIN SSH HOST KEY KEYS-----
ecdsa-sha2-nistp256 AAAAE2VjZHNhLXNoYTItbmlzdHAyNTYAAAAIbmlzdHAyNTYAAABBBMZipKxBpFKM5G96tb3YnACqhgdPauS/bkLZKoNkjZRXXzaGl+3ntNGA3DXYZoUNM5RYMb0gG1moZ1ZZCm2no9g= root@ubuntu-xenial
ssh-ed25519 AAAAC3NzaC1lZDI1NTE5AAAAICYUc3foPiNZQ/vo6d/NPnaX99zM0O2+1dnm+l1SuT+i root@ubuntu-xenial
ssh-rsa AAAAB3NzaC1yc2EAAAADAQABAAABAQDT1TRvyiDrTUkFz2mAz2k325z7W68p2SZ5AvJ9Z3+a3nNpF0gmSBSqM2/d/uovh0xkvQUePLPf1EEPIcCWwihcTuTSo/q5wbQguFiRD+LVMk/aEYcmAo8kLuTRyiTav240K6xGn+8Sxms3bhskSKPtZ3UpshW9XLZszhWDwI3r0zFD82WP5v4d6yDohmS8bU/29cLH+iZdNaMK5FM4zT0P2nySwfIWpGf8w2vIu4Q4kS+jQIB6rFMIo89Wai8O+3kBaHaXFnFXYx0HSugyeffRbAgE21RurlGsSpYZj3JPiT3jK94FIa3bNOIDsGf6EFMxBvho8dNPZT0B9WniCTbX root@ubuntu-xenial
-----END SSH HOST KEY KEYS-----
[   72.847184] cloud-init[1289]: Cloud-init v. 0.7.9 running 'modules:final' at Fri, 14 Jul 2017 14:48:30 +0000. Up 71.94 seconds.
[   72.847646] cloud-init[1289]: ci-info: no authorized ssh keys fingerprints found for user ubuntu.
[   72.848366] cloud-init[1289]: Cloud-init v. 0.7.9 finished at Fri, 14 Jul 2017 14:48:31 +0000. Datasource DataSourceNoCloud [seed=/dev/sdb][dsmode=net].  Up 72.82 seconds
[16527.185817] e1000 0000:00:03.0 enp0s3: Detected Tx Unit Hang
[16527.185817]   Tx Queue             <0>
[16527.185817]   TDH                  <85>
[16527.185817]   TDT                  <87>
[16527.185817]   next_to_use          <87>
[16527.185817]   next_to_clean        <85>
[16527.185817] buffer_info[next_to_clean]
[16527.185817]   time_stamp           <1003de7f6>
[16527.185817]   next_to_watch        <86>
[16527.185817]   jiffies              <1003dea29>
[16527.185817]   next_to_watch.status <0>
[16529.304764] e1000 0000:00:03.0 enp0s3: Detected Tx Unit Hang
[16529.304764]   Tx Queue             <0>
[16529.304764]   TDH                  <85>
[16529.304764]   TDT                  <87>
[16529.304764]   next_to_use          <87>
[16529.304764]   next_to_clean        <85>
[16529.304764] buffer_info[next_to_clean]
[16529.304764]   time_stamp           <1003de7f6>
[16529.304764]   next_to_watch        <86>
[16529.304764]   jiffies              <1003dec3b>
[16529.304764]   next_to_watch.status <0>
[16531.327831] e1000 0000:00:03.0 enp0s3: Detected Tx Unit Hang
[16531.327831]   Tx Queue             <0>
[16531.327831]   TDH                  <85>
[16531.327831]   TDT                  <87>
[16531.327831]   next_to_use          <87>
[16531.327831]   next_to_clean        <85>
[16531.327831] buffer_info[next_to_clean]
[16531.327831]   time_stamp           <1003de7f6>
[16531.327831]   next_to_watch        <86>
[16531.327831]   jiffies              <1003dee35>
[16531.327831]   next_to_watch.status <0>
[16532.426954] e1000 0000:00:03.0 enp0s3: Reset adapter
